This file contains any messages produced by compilers while
running configure, to aid debugging if configure makes a mistake.

It was created by configure, which was
generated by GNU Autoconf 2.67.  Invocation command line was

  $ ./configure 

## --------- ##
## Platform. ##
## --------- ##

hostname = mmbp.fritz.box
uname -m = x86_64
uname -r = 11.4.2
uname -s = Darwin
uname -v = Darwin Kernel Version 11.4.2: Thu Aug 23 16:25:48 PDT 2012; root:xnu-1699.32.7~1/RELEASE_X86_64

/usr/bin/uname -p = i386
/bin/uname -X     = unknown

/bin/arch              = unknown
/usr/bin/arch -k       = unknown
/usr/convex/getsysinfo = unknown
/usr/bin/hostinfo      = Mach kernel version:
	 Darwin Kernel Version 11.4.2: Thu Aug 23 16:25:48 PDT 2012; root:xnu-1699.32.7~1/RELEASE_X86_64
Kernel configured for up to 4 processors.
2 processors are physically available.
4 processors are logically available.
Processor type: i486 (Intel 80486)
Processors active: 0 1 2 3
Primary memory available: 8.00 gigabytes
Default processor set: 164 tasks, 875 threads, 4 processors
Load average: 1.13, Mach factor: 2.86
/bin/machine           = unknown
/usr/bin/oslevel       = unknown
/bin/universe          = unknown

PATH: /usr/local/heroku/bin
PATH: /usr/local/share/npm/bin
PATH: /usr/local/Cellar/ruby/1.9.3-p286/bin
PATH: /usr/local/bin
PATH: /usr/local/sbin
PATH: /usr/local/texlive/2011/bin/x86_64-darwin
PATH: /usr/bin
PATH: /bin
PATH: /usr/sbin
PATH: /sbin
PATH: /usr/X11/bin
PATH: /Users/martin/Documents/code/clojurescript/bin
PATH: /Users/martin/bin


## ----------- ##
## Core tests. ##
## ----------- ##

configure:1767: checking for a BSD-compatible install
configure:1835: result: /usr/bin/install -c
configure:1846: checking whether build environment is sane
configure:1896: result: yes
configure:2037: checking for a thread-safe mkdir -p
configure:2076: result: ./install-sh -c -d
configure:2089: checking for gawk
configure:2119: result: no
configure:2089: checking for mawk
configure:2119: result: no
configure:2089: checking for nawk
configure:2119: result: no
configure:2089: checking for awk
configure:2105: found /usr/bin/awk
configure:2116: result: awk
configure:2127: checking whether make sets $(MAKE)
configure:2149: result: yes
configure:2230: checking whether to enable maintainer-specific portions of Makefiles
configure:2239: result: no
configure:2262: checking build system type
configure:2276: result: i386-apple-darwin11.4.2
configure:2296: checking host system type
configure:2309: result: i386-apple-darwin11.4.2
configure:2376: checking for cvs
configure:2392: found /usr/bin/cvs
configure:2404: result: cvs -z3
configure:2412: checking whether ln -s works
configure:2416: result: yes
configure:2428: checking for emacs
configure:2444: found /usr/local/bin/emacs
configure:2455: result: emacs
configure:2471: checking detecting your emacs type
configure:2488: result: emacs21
configure:2543: checking where .elc files should go
configure:2572: result: /usr/local/share/emacs/site-lisp
configure:2592: checking where howm files should go
configure:2600: result: ${lispdir}/howm
configure:2646: checking where ext files should go
configure:2654: result: ${datadir}/howm/ext
configure:2839: creating ./config.status

## ---------------------- ##
## Running config.status. ##
## ---------------------- ##

This file was extended by config.status, which was
generated by GNU Autoconf 2.67.  Invocation command line was

  CONFIG_FILES    = 
  CONFIG_HEADERS  = 
  CONFIG_LINKS    = 
  CONFIG_COMMANDS = 
  $ ./config.status 

on mmbp.fritz.box

config.status:781: creating Makefile
config.status:781: creating doc/Makefile
config.status:781: creating ext/Makefile
config.status:781: creating en/Makefile
config.status:781: creating ja/Makefile
config.status:781: creating sample/Makefile

## ---------------- ##
## Cache variables. ##
## ---------------- ##

ac_cv_build=i386-apple-darwin11.4.2
ac_cv_env_build_alias_set=
ac_cv_env_build_alias_value=
ac_cv_env_host_alias_set=
ac_cv_env_host_alias_value=
ac_cv_env_target_alias_set=
ac_cv_env_target_alias_value=
ac_cv_extdir='${datadir}/howm/ext'
ac_cv_host=i386-apple-darwin11.4.2
ac_cv_howmdir='${lispdir}/howm'
ac_cv_path_install='/usr/bin/install -c'
ac_cv_prog_AWK=awk
ac_cv_prog_CVS='cvs -z3'
ac_cv_prog_EMACS=emacs
ac_cv_prog_make_make_set=yes
am_cv_lispdir=/usr/local/share/emacs/site-lisp

## ----------------- ##
## Output variables. ##
## ----------------- ##

ACLOCAL='${SHELL} /Users/martin/emacs-config/site-lisp/howm/missing --run aclocal-1.11'
AMTAR='${SHELL} /Users/martin/emacs-config/site-lisp/howm/missing --run tar'
AUTOCONF='${SHELL} /Users/martin/emacs-config/site-lisp/howm/missing --run autoconf'
AUTOHEADER='${SHELL} /Users/martin/emacs-config/site-lisp/howm/missing --run autoheader'
AUTOMAKE='${SHELL} /Users/martin/emacs-config/site-lisp/howm/missing --run automake-1.11'
AWK='awk'
CVS='cvs -z3'
CYGPATH_W='echo'
DEFS='-DPACKAGE_NAME=\"\" -DPACKAGE_TARNAME=\"\" -DPACKAGE_VERSION=\"\" -DPACKAGE_STRING=\"\" -DPACKAGE_BUGREPORT=\"\" -DPACKAGE_URL=\"\" -DPACKAGE=\"howm\" -DVERSION=\"1.4.1\"'
ECHO_C='\c'
ECHO_N=''
ECHO_T=''
EMACS='emacs'
INSTALL_DATA='${INSTALL} -m 644'
INSTALL_PROGRAM='${INSTALL}'
INSTALL_SCRIPT='${INSTALL}'
INSTALL_STRIP_PROGRAM='$(install_sh) -c -s'
LIBOBJS=''
LIBS=''
LN_S='ln -s'
LTLIBOBJS=''
MAINT='#'
MAINTAINER_MODE_FALSE=''
MAINTAINER_MODE_TRUE='#'
MAKEINFO='${SHELL} /Users/martin/emacs-config/site-lisp/howm/missing --run makeinfo'
MKDIR_P='./install-sh -c -d'
PACKAGE='howm'
PACKAGE_BUGREPORT=''
PACKAGE_NAME=''
PACKAGE_STRING=''
PACKAGE_TARNAME=''
PACKAGE_URL=''
PACKAGE_VERSION=''
PATH_SEPARATOR=':'
SET_MAKE=''
SHELL='/bin/sh'
STRIP=''
VERSION='1.4.1'
am__isrc=''
am__leading_dot='.'
am__tar='${AMTAR} chof - "$$tardir"'
am__untar='${AMTAR} xf -'
bindir='${exec_prefix}/bin'
build='i386-apple-darwin11.4.2'
build_alias=''
build_cpu='i386'
build_os='darwin11.4.2'
build_vendor='apple'
datadir='${datarootdir}'
datarootdir='${prefix}/share'
docdir='${datarootdir}/doc/${PACKAGE}'
dvidir='${docdir}'
exec_prefix='${prefix}'
extdir='${datadir}/howm/ext'
host='i386-apple-darwin11.4.2'
host_alias=''
host_cpu='i386'
host_os='darwin11.4.2'
host_vendor='apple'
howmdir='${lispdir}/howm'
htmldir='${docdir}'
includedir='${prefix}/include'
infodir='${datarootdir}/info'
install_sh='${SHELL} /Users/martin/emacs-config/site-lisp/howm/install-sh'
libdir='${exec_prefix}/lib'
libexecdir='${exec_prefix}/libexec'
lispdir='/usr/local/share/emacs/site-lisp'
localedir='${datarootdir}/locale'
localstatedir='${prefix}/var'
mandir='${datarootdir}/man'
mkdir_p='$(top_builddir)/./install-sh -c -d'
oldincludedir='/usr/include'
packagedir=''
pdfdir='${docdir}'
prefix='/usr/local'
program_transform_name='s,x,x,'
psdir='${docdir}'
sbindir='${exec_prefix}/sbin'
sharedstatedir='${prefix}/com'
sysconfdir='${prefix}/etc'
target_alias=''

## ----------- ##
## confdefs.h. ##
## ----------- ##

/* confdefs.h */
#define PACKAGE_NAME ""
#define PACKAGE_TARNAME ""
#define PACKAGE_VERSION ""
#define PACKAGE_STRING ""
#define PACKAGE_BUGREPORT ""
#define PACKAGE_URL ""
#define PACKAGE "howm"
#define VERSION "1.4.1"

configure: exit 0
